c:\users\labs\desktop\new folder\sys\x64\release\vc142.pdb
c:\users\labs\desktop\new folder\sys\x64\release\version.obj
c:\users\labs\desktop\new folder\sys\x64\release\util.obj
c:\users\labs\desktop\new folder\sys\x64\release\txrutil.obj
c:\users\labs\desktop\new folder\sys\x64\release\txr.obj
c:\users\labs\desktop\new folder\sys\x64\release\regfltr.obj
c:\users\labs\desktop\new folder\sys\x64\release\pre.obj
c:\users\labs\desktop\new folder\sys\x64\release\post.obj
c:\users\labs\desktop\new folder\sys\x64\release\multialt.obj
c:\users\labs\desktop\new folder\sys\x64\release\driver.obj
c:\users\labs\desktop\new folder\sys\x64\release\context.obj
c:\users\labs\desktop\new folder\sys\x64\release\capture.obj
c:\users\labs\desktop\new folder\sys\x64\release\regfltr.sys
c:\users\labs\desktop\new folder\sys\x64\release\regfltr.pdb
c:\users\labs\desktop\new folder\sys\x64\release\regfltr.res
c:\users\labs\desktop\new folder\sys\x64\release\regfltr.tlog\cl.command.1.tlog
c:\users\labs\desktop\new folder\sys\x64\release\regfltr.tlog\cl.read.1.tlog
c:\users\labs\desktop\new folder\sys\x64\release\regfltr.tlog\cl.write.1.tlog
c:\users\labs\desktop\new folder\sys\x64\release\regfltr.tlog\link.command.1.tlog
c:\users\labs\desktop\new folder\sys\x64\release\regfltr.tlog\link.read.1.tlog
c:\users\labs\desktop\new folder\sys\x64\release\regfltr.tlog\link.write.1.tlog
c:\users\labs\desktop\new folder\sys\x64\release\regfltr.tlog\rc.command.1.tlog
c:\users\labs\desktop\new folder\sys\x64\release\regfltr.tlog\rc.read.1.tlog
c:\users\labs\desktop\new folder\sys\x64\release\regfltr.tlog\rc.write.1.tlog
